<?xml version="1.0" encoding="UTF-8"?>
<!-- Generated by org.testng.reporters.JUnitReportReporter -->
<testsuite skipped="2" hostname="DESKTOP-RTOOT5Q" name="testcases.rediff.PortfolioManagement" tests="2" failures="0" timestamp="2021-02-28T15:15:51 IST" time="0.000" errors="0">
  <testcase name="selectPortFolio" time="0.000" classname="testcases.rediff.PortfolioManagement">
    <skipped/>
  </testcase> <!-- selectPortFolio -->
  <testcase name="selectPortFolio" time="0.000" classname="testcases.rediff.PortfolioManagement">
    <skipped/>
  </testcase> <!-- selectPortFolio -->
</testsuite> <!-- testcases.rediff.PortfolioManagement -->
